build/app/intermediates/manifest_merge_blame_file/debug/manifest-merger-blame-debug-report.txt
1<?xml version="1.0" encoding="utf-8"?>
2<manifest xmlns:android="http://schemas.android.com/apk/res/android"
3    package="com.example.code_wise"
4    android:versionCode="1"
5    android:versionName="1.0.0" >
6
7    <uses-sdk
8        android:minSdkVersion="19"
9        android:targetSdkVersion="33" />
10    <!--
11         The INTERNET permission is required for development. Specifically,
12         the Flutter tool needs it to communicate with the running application
13         to allow setting breakpoints, to provide hot reload, etc.
14    -->
15    <uses-permission android:name="android.permission.INTERNET" />
15-->src\debug\AndroidManifest.xml:6:5-66
15-->src\debug\AndroidManifest.xml:6:22-64
16    <uses-permission android:name="android.permission.RECEIVE_BOOT_COMPLETED" />
16-->src\main\AndroidManifest.xml:2:5-80
16-->src\main\AndroidManifest.xml:2:22-78
17    <uses-permission android:name="android.permission.WAKE_LOCK" /> <!-- For apps with targetSDK=31 (Android 12) -->
17-->src\main\AndroidManifest.xml:3:5-67
17-->src\main\AndroidManifest.xml:3:22-65
18    <uses-permission android:name="android.permission.SCHEDULE_EXACT_ALARM" />
18-->src\main\AndroidManifest.xml:5:5-78
18-->src\main\AndroidManifest.xml:5:22-76
19    <uses-permission android:name="android.permission.VIBRATE" />
19-->[:alarm] AndroidManifest.xml:11:5-66
19-->[:alarm] AndroidManifest.xml:11:22-63
20    <uses-permission android:name="android.permission.USE_FULL_SCREEN_INTENT" />
20-->[:flutter_local_notifications] AndroidManifest.xml:11:5-81
20-->[:flutter_local_notifications] AndroidManifest.xml:11:22-78
21    <uses-permission android:name="android.permission.POST_NOTIFICATIONS" />
21-->[:flutter_local_notifications] AndroidManifest.xml:13:5-77
21-->[:flutter_local_notifications] AndroidManifest.xml:13:22-74
22    <uses-permission android:name="android.permission.ACCESS_NETWORK_STATE" />
22-->[com.google.firebase:firebase-auth:22.0.0] AndroidManifest.xml:26:5-79
22-->[com.google.firebase:firebase-auth:22.0.0] AndroidManifest.xml:26:22-76
23    <uses-permission android:name="com.google.android.gms.permission.AD_ID" />
23-->[com.google.android.gms:play-services-measurement-api:21.3.0] AndroidManifest.xml:25:5-79
23-->[com.google.android.gms:play-services-measurement-api:21.3.0] AndroidManifest.xml:25:22-76
24    <uses-permission android:name="com.google.android.finsky.permission.BIND_GET_INSTALL_REFERRER_SERVICE" />
24-->[com.google.android.gms:play-services-measurement:21.3.0] AndroidManifest.xml:26:5-110
24-->[com.google.android.gms:play-services-measurement:21.3.0] AndroidManifest.xml:26:22-107
25
26    <queries>
26-->[androidx.media2:media2-session:1.2.1] AndroidManifest.xml:24:5-34:15
27        <intent>
27-->[androidx.media2:media2-session:1.2.1] AndroidManifest.xml:25:9-27:18
28            <action android:name="android.media.browse.MediaBrowserService" />
28-->[androidx.media2:media2-session:1.2.1] AndroidManifest.xml:26:13-79
28-->[androidx.media2:media2-session:1.2.1] AndroidManifest.xml:26:21-76
29        </intent>
30        <intent>
30-->[androidx.media2:media2-session:1.2.1] AndroidManifest.xml:28:9-30:18
31            <action android:name="androidx.media2.session.MediaSessionService" />
31-->[androidx.media2:media2-session:1.2.1] AndroidManifest.xml:29:13-82
31-->[androidx.media2:media2-session:1.2.1] AndroidManifest.xml:29:21-79
32        </intent>
33        <intent>
33-->[androidx.media2:media2-session:1.2.1] AndroidManifest.xml:31:9-33:18
34            <action android:name="androidx.media2.session.MediaLibraryService" />
34-->[androidx.media2:media2-session:1.2.1] AndroidManifest.xml:32:13-82
34-->[androidx.media2:media2-session:1.2.1] AndroidManifest.xml:32:21-79
35        </intent>
36    </queries>
37
38    <application
39        android:name="android.app.Application"
40        android:appComponentFactory="androidx.core.app.CoreComponentFactory"
40-->[androidx.core:core:1.7.0] AndroidManifest.xml:24:18-86
41        android:debuggable="true"
42        android:icon="@mipmap/ic_launcher"
43        android:label="CodeWise" >
44        <service
45            android:name="dev.fluttercommunity.plus.androidalarmmanager.AlarmService"
46            android:exported="false"
47            android:permission="android.permission.BIND_JOB_SERVICE" />
48
49        <receiver
50            android:name="dev.fluttercommunity.plus.androidalarmmanager.AlarmBroadcastReceiver"
51            android:exported="false" />
52        <receiver
53            android:name="dev.fluttercommunity.plus.androidalarmmanager.RebootBroadcastReceiver"
54            android:enabled="false"
55            android:exported="false" >
56            <intent-filter>
57                <action android:name="android.intent.action.BOOT_COMPLETED" />
57-->[:flutter_local_notifications] AndroidManifest.xml:26:17-79
57-->[:flutter_local_notifications] AndroidManifest.xml:26:25-76
58            </intent-filter>
59        </receiver>
60
61        <activity
62            android:name="com.example.code_wise.MainActivity"
63            android:configChanges="orientation|keyboardHidden|keyboard|screenSize|smallestScreenSize|locale|layoutDirection|fontScale|screenLayout|density|uiMode"
64            android:exported="true"
65            android:hardwareAccelerated="true"
66            android:launchMode="singleTop"
67            android:theme="@style/LaunchTheme"
68            android:windowSoftInputMode="adjustResize" >
69
70            <!--
71                 Specifies an Android theme to apply to this Activity as soon as
72                 the Android process has started. This theme is visible to the user
73                 while the Flutter UI initializes. After that, this theme continues
74                 to determine the Window background behind the Flutter UI.
75            -->
76            <meta-data
77                android:name="io.flutter.embedding.android.NormalTheme"
78                android:resource="@style/NormalTheme" />
79
80            <intent-filter>
81                <action android:name="android.intent.action.MAIN" />
82
83                <category android:name="android.intent.category.LAUNCHER" />
84            </intent-filter>
85        </activity>
86        <!--
87             Don't delete the meta-data below.
88             This is used by the Flutter tool to generate GeneratedPluginRegistrant.java
89        -->
90        <meta-data
91            android:name="flutterEmbedding"
92            android:value="2" />
93
94        <service
94-->[:firebase_auth] AndroidManifest.xml:10:9-14:19
95            android:name="com.google.firebase.components.ComponentDiscoveryService"
95-->[:firebase_auth] AndroidManifest.xml:10:18-89
96            android:directBootAware="true"
96-->[com.google.firebase:firebase-common:20.3.3] AndroidManifest.xml:34:13-43
97            android:exported="false" >
97-->[com.google.firebase:firebase-analytics-ktx:21.3.0] AndroidManifest.xml:10:13-37
98            <meta-data
98-->[:firebase_auth] AndroidManifest.xml:11:13-13:85
99                android:name="com.google.firebase.components:io.flutter.plugins.firebase.auth.FlutterFirebaseAuthRegistrar"
99-->[:firebase_auth] AndroidManifest.xml:12:17-124
100                android:value="com.google.firebase.components.ComponentRegistrar" />
100-->[:firebase_auth] AndroidManifest.xml:13:17-82
101            <meta-data
101-->[:firebase_core] AndroidManifest.xml:11:13-13:85
102                android:name="com.google.firebase.components:io.flutter.plugins.firebase.core.FlutterFirebaseCoreRegistrar"
102-->[:firebase_core] AndroidManifest.xml:12:17-124
103                android:value="com.google.firebase.components.ComponentRegistrar" />
103-->[:firebase_core] AndroidManifest.xml:13:17-82
104            <meta-data
104-->[com.google.firebase:firebase-analytics-ktx:21.3.0] AndroidManifest.xml:11:13-13:85
105                android:name="com.google.firebase.components:com.google.firebase.analytics.ktx.FirebaseAnalyticsKtxRegistrar"
105-->[com.google.firebase:firebase-analytics-ktx:21.3.0] AndroidManifest.xml:12:17-126
106                android:value="com.google.firebase.components.ComponentRegistrar" />
106-->[com.google.firebase:firebase-analytics-ktx:21.3.0] AndroidManifest.xml:13:17-82
107            <meta-data
107-->[com.google.firebase:firebase-common-ktx:20.3.3] AndroidManifest.xml:14:13-16:85
108                android:name="com.google.firebase.components:com.google.firebase.ktx.FirebaseCommonKtxRegistrar"
108-->[com.google.firebase:firebase-common-ktx:20.3.3] AndroidManifest.xml:15:17-113
109                android:value="com.google.firebase.components.ComponentRegistrar" />
109-->[com.google.firebase:firebase-common-ktx:20.3.3] AndroidManifest.xml:16:17-82
110            <meta-data
110-->[com.google.firebase:firebase-auth:22.0.0] AndroidManifest.xml:69:13-71:85
111                android:name="com.google.firebase.components:com.google.firebase.auth.FirebaseAuthRegistrar"
111-->[com.google.firebase:firebase-auth:22.0.0] AndroidManifest.xml:70:17-109
112                android:value="com.google.firebase.components.ComponentRegistrar" />
112-->[com.google.firebase:firebase-auth:22.0.0] AndroidManifest.xml:71:17-82
113            <meta-data
113-->[com.google.android.gms:play-services-measurement-api:21.3.0] AndroidManifest.xml:31:13-33:85
114                android:name="com.google.firebase.components:com.google.firebase.analytics.connector.internal.AnalyticsConnectorRegistrar"
114-->[com.google.android.gms:play-services-measurement-api:21.3.0] AndroidManifest.xml:32:17-139
115                android:value="com.google.firebase.components.ComponentRegistrar" />
115-->[com.google.android.gms:play-services-measurement-api:21.3.0] AndroidManifest.xml:33:17-82
116            <meta-data
116-->[com.google.firebase:firebase-installations:17.1.3] AndroidManifest.xml:17:13-19:85
117                android:name="com.google.firebase.components:com.google.firebase.installations.FirebaseInstallationsRegistrar"
117-->[com.google.firebase:firebase-installations:17.1.3] AndroidManifest.xml:18:17-127
118                android:value="com.google.firebase.components.ComponentRegistrar" />
118-->[com.google.firebase:firebase-installations:17.1.3] AndroidManifest.xml:19:17-82
119        </service>
120        <service
120-->[:alarm] AndroidManifest.xml:16:9-19:40
121            android:name="com.gdelataillade.alarm.alarm.NotificationOnKillService"
121-->[:alarm] AndroidManifest.xml:17:13-83
122            android:enabled="true"
122-->[:alarm] AndroidManifest.xml:18:13-35
123            android:exported="false" />
123-->[:alarm] AndroidManifest.xml:19:13-37
124
125        <receiver
125-->[:flutter_local_notifications] AndroidManifest.xml:16:9-18:40
126            android:name="com.dexterous.flutterlocalnotifications.ActionBroadcastReceiver"
126-->[:flutter_local_notifications] AndroidManifest.xml:17:13-91
127            android:exported="false" />
127-->[:flutter_local_notifications] AndroidManifest.xml:18:13-37
128        <receiver
128-->[:flutter_local_notifications] AndroidManifest.xml:19:9-21:40
129            android:name="com.dexterous.flutterlocalnotifications.ScheduledNotificationReceiver"
129-->[:flutter_local_notifications] AndroidManifest.xml:20:13-97
130            android:exported="false" />
130-->[:flutter_local_notifications] AndroidManifest.xml:21:13-37
131        <receiver
131-->[:flutter_local_notifications] AndroidManifest.xml:22:9-31:20
132            android:name="com.dexterous.flutterlocalnotifications.ScheduledNotificationBootReceiver"
132-->[:flutter_local_notifications] AndroidManifest.xml:23:13-101
133            android:exported="false" >
133-->[:flutter_local_notifications] AndroidManifest.xml:24:13-37
134            <intent-filter>
134-->[:flutter_local_notifications] AndroidManifest.xml:25:13-30:29
135                <action android:name="android.intent.action.BOOT_COMPLETED" />
135-->[:flutter_local_notifications] AndroidManifest.xml:26:17-79
135-->[:flutter_local_notifications] AndroidManifest.xml:26:25-76
136                <action android:name="android.intent.action.MY_PACKAGE_REPLACED" />
136-->[:flutter_local_notifications] AndroidManifest.xml:27:17-84
136-->[:flutter_local_notifications] AndroidManifest.xml:27:25-81
137                <action android:name="android.intent.action.QUICKBOOT_POWERON" />
137-->[:flutter_local_notifications] AndroidManifest.xml:28:17-82
137-->[:flutter_local_notifications] AndroidManifest.xml:28:25-79
138                <action android:name="com.htc.intent.action.QUICKBOOT_POWERON" />
138-->[:flutter_local_notifications] AndroidManifest.xml:29:17-82
138-->[:flutter_local_notifications] AndroidManifest.xml:29:25-79
139            </intent-filter>
140        </receiver>
141
142        <activity
142-->[com.google.firebase:firebase-auth:22.0.0] AndroidManifest.xml:29:9-46:20
143            android:name="com.google.firebase.auth.internal.GenericIdpActivity"
143-->[com.google.firebase:firebase-auth:22.0.0] AndroidManifest.xml:30:13-80
144            android:excludeFromRecents="true"
144-->[com.google.firebase:firebase-auth:22.0.0] AndroidManifest.xml:31:13-46
145            android:exported="true"
145-->[com.google.firebase:firebase-auth:22.0.0] AndroidManifest.xml:32:13-36
146            android:launchMode="singleTask"
146-->[com.google.firebase:firebase-auth:22.0.0] AndroidManifest.xml:33:13-44
147            android:theme="@android:style/Theme.Translucent.NoTitleBar" >
147-->[com.google.firebase:firebase-auth:22.0.0] AndroidManifest.xml:34:13-72
148            <intent-filter>
148-->[com.google.firebase:firebase-auth:22.0.0] AndroidManifest.xml:35:13-45:29
149                <action android:name="android.intent.action.VIEW" />
149-->[com.google.firebase:firebase-auth:22.0.0] AndroidManifest.xml:36:17-69
149-->[com.google.firebase:firebase-auth:22.0.0] AndroidManifest.xml:36:25-66
150
151                <category android:name="android.intent.category.DEFAULT" />
151-->[com.google.firebase:firebase-auth:22.0.0] AndroidManifest.xml:38:17-76
151-->[com.google.firebase:firebase-auth:22.0.0] AndroidManifest.xml:38:27-73
152                <category android:name="android.intent.category.BROWSABLE" />
152-->[com.google.firebase:firebase-auth:22.0.0] AndroidManifest.xml:39:17-78
152-->[com.google.firebase:firebase-auth:22.0.0] AndroidManifest.xml:39:27-75
153
154                <data
154-->[com.google.firebase:firebase-auth:22.0.0] AndroidManifest.xml:41:17-44:51
155                    android:host="firebase.auth"
155-->[com.google.firebase:firebase-auth:22.0.0] AndroidManifest.xml:42:21-49
156                    android:path="/"
156-->[com.google.firebase:firebase-auth:22.0.0] AndroidManifest.xml:43:21-37
157                    android:scheme="genericidp" />
157-->[com.google.firebase:firebase-auth:22.0.0] AndroidManifest.xml:44:21-48
158            </intent-filter>
159        </activity>
160        <activity
160-->[com.google.firebase:firebase-auth:22.0.0] AndroidManifest.xml:47:9-64:20
161            android:name="com.google.firebase.auth.internal.RecaptchaActivity"
161-->[com.google.firebase:firebase-auth:22.0.0] AndroidManifest.xml:48:13-79
162            android:excludeFromRecents="true"
162-->[com.google.firebase:firebase-auth:22.0.0] AndroidManifest.xml:49:13-46
163            android:exported="true"
163-->[com.google.firebase:firebase-auth:22.0.0] AndroidManifest.xml:50:13-36
164            android:launchMode="singleTask"
164-->[com.google.firebase:firebase-auth:22.0.0] AndroidManifest.xml:51:13-44
165            android:theme="@android:style/Theme.Translucent.NoTitleBar" >
165-->[com.google.firebase:firebase-auth:22.0.0] AndroidManifest.xml:52:13-72
166            <intent-filter>
166-->[com.google.firebase:firebase-auth:22.0.0] AndroidManifest.xml:53:13-63:29
167                <action android:name="android.intent.action.VIEW" />
167-->[com.google.firebase:firebase-auth:22.0.0] AndroidManifest.xml:36:17-69
167-->[com.google.firebase:firebase-auth:22.0.0] AndroidManifest.xml:36:25-66
168
169                <category android:name="android.intent.category.DEFAULT" />
169-->[com.google.firebase:firebase-auth:22.0.0] AndroidManifest.xml:38:17-76
169-->[com.google.firebase:firebase-auth:22.0.0] AndroidManifest.xml:38:27-73
170                <category android:name="android.intent.category.BROWSABLE" />
170-->[com.google.firebase:firebase-auth:22.0.0] AndroidManifest.xml:39:17-78
170-->[com.google.firebase:firebase-auth:22.0.0] AndroidManifest.xml:39:27-75
171
172                <data
172-->[com.google.firebase:firebase-auth:22.0.0] AndroidManifest.xml:41:17-44:51
173                    android:host="firebase.auth"
173-->[com.google.firebase:firebase-auth:22.0.0] AndroidManifest.xml:42:21-49
174                    android:path="/"
174-->[com.google.firebase:firebase-auth:22.0.0] AndroidManifest.xml:43:21-37
175                    android:scheme="recaptcha" />
175-->[com.google.firebase:firebase-auth:22.0.0] AndroidManifest.xml:44:21-48
176            </intent-filter>
177        </activity>
178
179        <uses-library
179-->[androidx.window:window:1.0.0-beta04] AndroidManifest.xml:25:9-27:40
180            android:name="androidx.window.extensions"
180-->[androidx.window:window:1.0.0-beta04] AndroidManifest.xml:26:13-54
181            android:required="false" />
181-->[androidx.window:window:1.0.0-beta04] AndroidManifest.xml:27:13-37
182        <uses-library
182-->[androidx.window:window:1.0.0-beta04] AndroidManifest.xml:28:9-30:40
183            android:name="androidx.window.sidecar"
183-->[androidx.window:window:1.0.0-beta04] AndroidManifest.xml:29:13-51
184            android:required="false" />
184-->[androidx.window:window:1.0.0-beta04] AndroidManifest.xml:30:13-37
185
186        <provider
186-->[com.google.firebase:firebase-common:20.3.3] AndroidManifest.xml:25:9-30:39
187            android:name="com.google.firebase.provider.FirebaseInitProvider"
187-->[com.google.firebase:firebase-common:20.3.3] AndroidManifest.xml:26:13-77
188            android:authorities="com.example.code_wise.firebaseinitprovider"
188-->[com.google.firebase:firebase-common:20.3.3] AndroidManifest.xml:27:13-72
189            android:directBootAware="true"
189-->[com.google.firebase:firebase-common:20.3.3] AndroidManifest.xml:28:13-43
190            android:exported="false"
190-->[com.google.firebase:firebase-common:20.3.3] AndroidManifest.xml:29:13-37
191            android:initOrder="100" />
191-->[com.google.firebase:firebase-common:20.3.3] AndroidManifest.xml:30:13-36
192
193        <activity
193-->[com.google.android.gms:play-services-auth:20.6.0] AndroidManifest.xml:23:9-27:75
194            android:name="com.google.android.gms.auth.api.signin.internal.SignInHubActivity"
194-->[com.google.android.gms:play-services-auth:20.6.0] AndroidManifest.xml:24:13-93
195            android:excludeFromRecents="true"
195-->[com.google.android.gms:play-services-auth:20.6.0] AndroidManifest.xml:25:13-46
196            android:exported="false"
196-->[com.google.android.gms:play-services-auth:20.6.0] AndroidManifest.xml:26:13-37
197            android:theme="@android:style/Theme.Translucent.NoTitleBar" />
197-->[com.google.android.gms:play-services-auth:20.6.0] AndroidManifest.xml:27:13-72
198        <!--
199            Service handling Google Sign-In user revocation. For apps that do not integrate with
200            Google Sign-In, this service will never be started.
201        -->
202        <service
202-->[com.google.android.gms:play-services-auth:20.6.0] AndroidManifest.xml:33:9-37:51
203            android:name="com.google.android.gms.auth.api.signin.RevocationBoundService"
203-->[com.google.android.gms:play-services-auth:20.6.0] AndroidManifest.xml:34:13-89
204            android:exported="true"
204-->[com.google.android.gms:play-services-auth:20.6.0] AndroidManifest.xml:35:13-36
205            android:permission="com.google.android.gms.auth.api.signin.permission.REVOCATION_NOTIFICATION"
205-->[com.google.android.gms:play-services-auth:20.6.0] AndroidManifest.xml:36:13-107
206            android:visibleToInstantApps="true" />
206-->[com.google.android.gms:play-services-auth:20.6.0] AndroidManifest.xml:37:13-48
207
208        <activity
208-->[com.google.android.gms:play-services-base:18.0.1] AndroidManifest.xml:20:9-22:45
209            android:name="com.google.android.gms.common.api.GoogleApiActivity"
209-->[com.google.android.gms:play-services-base:18.0.1] AndroidManifest.xml:20:19-85
210            android:exported="false"
210-->[com.google.android.gms:play-services-base:18.0.1] AndroidManifest.xml:22:19-43
211            android:theme="@android:style/Theme.Translucent.NoTitleBar" />
211-->[com.google.android.gms:play-services-base:18.0.1] AndroidManifest.xml:21:19-78
212
213        <receiver
213-->[com.google.android.gms:play-services-measurement:21.3.0] AndroidManifest.xml:29:9-33:20
214            android:name="com.google.android.gms.measurement.AppMeasurementReceiver"
214-->[com.google.android.gms:play-services-measurement:21.3.0] AndroidManifest.xml:30:13-85
215            android:enabled="true"
215-->[com.google.android.gms:play-services-measurement:21.3.0] AndroidManifest.xml:31:13-35
216            android:exported="false" >
216-->[com.google.android.gms:play-services-measurement:21.3.0] AndroidManifest.xml:32:13-37
217        </receiver>
218
219        <service
219-->[com.google.android.gms:play-services-measurement:21.3.0] AndroidManifest.xml:35:9-38:40
220            android:name="com.google.android.gms.measurement.AppMeasurementService"
220-->[com.google.android.gms:play-services-measurement:21.3.0] AndroidManifest.xml:36:13-84
221            android:enabled="true"
221-->[com.google.android.gms:play-services-measurement:21.3.0] AndroidManifest.xml:37:13-35
222            android:exported="false" />
222-->[com.google.android.gms:play-services-measurement:21.3.0] AndroidManifest.xml:38:13-37
223        <service
223-->[com.google.android.gms:play-services-measurement:21.3.0] AndroidManifest.xml:39:9-43:72
224            android:name="com.google.android.gms.measurement.AppMeasurementJobService"
224-->[com.google.android.gms:play-services-measurement:21.3.0] AndroidManifest.xml:40:13-87
225            android:enabled="true"
225-->[com.google.android.gms:play-services-measurement:21.3.0] AndroidManifest.xml:41:13-35
226            android:exported="false"
226-->[com.google.android.gms:play-services-measurement:21.3.0] AndroidManifest.xml:42:13-37
227            android:permission="android.permission.BIND_JOB_SERVICE" />
227-->[com.google.android.gms:play-services-measurement:21.3.0] AndroidManifest.xml:43:13-69
228
229        <meta-data
229-->[com.google.android.gms:play-services-basement:18.2.0] AndroidManifest.xml:21:9-23:69
230            android:name="com.google.android.gms.version"
230-->[com.google.android.gms:play-services-basement:18.2.0] AndroidManifest.xml:22:13-58
231            android:value="@integer/google_play_services_version" />
231-->[com.google.android.gms:play-services-basement:18.2.0] AndroidManifest.xml:23:13-66
232
233        <provider
233-->[androidx.lifecycle:lifecycle-process:2.2.0] AndroidManifest.xml:25:9-29:43
234            android:name="androidx.lifecycle.ProcessLifecycleOwnerInitializer"
234-->[androidx.lifecycle:lifecycle-process:2.2.0] AndroidManifest.xml:26:13-79
235            android:authorities="com.example.code_wise.lifecycle-process"
235-->[androidx.lifecycle:lifecycle-process:2.2.0] AndroidManifest.xml:27:13-69
236            android:exported="false"
236-->[androidx.lifecycle:lifecycle-process:2.2.0] AndroidManifest.xml:28:13-37
237            android:multiprocess="true" />
237-->[androidx.lifecycle:lifecycle-process:2.2.0] AndroidManifest.xml:29:13-40
238    </application>
239
240</manifest>